10/9/2021 11:44:53 PM	This log contains information about the import schema operation into project 'Database1' on computer 'DESKTOP-EJAF7UN' by user 'chan-mingman'.
10/9/2021 11:44:54 PM	Import of database schema has started.
10/9/2021 11:45:05 PM	Gathering database credentials
10/9/2021 11:45:05 PM	Gathering database options
10/9/2021 11:45:05 PM	Gathering generic database scoped configuration option
10/9/2021 11:45:05 PM	Gathering users
10/9/2021 11:45:05 PM	Gathering roles
10/9/2021 11:45:05 PM	Gathering application roles
10/9/2021 11:45:05 PM	Gathering role memberships
10/9/2021 11:45:05 PM	Gathering filegroups
10/9/2021 11:45:05 PM	Gathering full-text catalogs
10/9/2021 11:45:05 PM	Gathering assemblies
10/9/2021 11:45:05 PM	Gathering certificates
10/9/2021 11:45:05 PM	Gathering asymmetric keys
10/9/2021 11:45:05 PM	Gathering symmetric keys
10/9/2021 11:45:05 PM	Gathering encrypted symmetric keys
10/9/2021 11:45:05 PM	Gathering schemas
10/9/2021 11:45:05 PM	Gathering XML schema collections
10/9/2021 11:45:06 PM	Gathering user-defined data types
10/9/2021 11:45:06 PM	Gathering user-defined types
10/9/2021 11:45:06 PM	Gathering table types
10/9/2021 11:45:06 PM	Gathering unique keys for table types
10/9/2021 11:45:06 PM	Gathering primary keys for table types
10/9/2021 11:45:06 PM	Gathering indexes for table types
10/9/2021 11:45:20 PM	Gathering check constraints for table types
10/9/2021 11:45:20 PM	Gathering default constraints for table types
10/9/2021 11:45:20 PM	Gathering partition functions
10/9/2021 11:45:20 PM	Gathering partition schemes
10/9/2021 11:45:20 PM	Gathering functions
10/9/2021 11:45:20 PM	Gathering encrypted functions
10/9/2021 11:45:20 PM	Gathering aggregates
10/9/2021 11:45:20 PM	Gathering procedures
10/9/2021 11:45:20 PM	Gathering encrypted procedures
10/9/2021 11:45:20 PM	Gathering tables
10/9/2021 11:45:21 PM	Gathering primary keys
10/9/2021 11:45:21 PM	Gathering unique constraints
10/9/2021 11:45:21 PM	Gathering foreign keys
10/9/2021 11:45:21 PM	Gathering default constraints
10/9/2021 11:45:21 PM	Gathering check constraints
10/9/2021 11:45:21 PM	Gathering views
10/9/2021 11:45:21 PM	Gathering encrypted views
10/9/2021 11:45:21 PM	Gathering indexes
10/9/2021 11:45:22 PM	Gathering statistics
10/9/2021 11:45:22 PM	Gathering full-text index stoplists
10/9/2021 11:45:22 PM	Gathering search property lists
10/9/2021 11:45:22 PM	Gathering search properties
10/9/2021 11:45:22 PM	Gathering full-text indexes
10/9/2021 11:45:22 PM	Gathering column store indexes
10/9/2021 11:45:22 PM	Gathering spatial indexes
10/9/2021 11:45:22 PM	Gathering XML indexes
10/9/2021 11:45:22 PM	Gathering Selective XML indexes
10/9/2021 11:45:22 PM	Gathering encrypted triggers
10/9/2021 11:45:22 PM	Gathering triggers
10/9/2021 11:45:22 PM	Gathering encrypted and clr ddl triggers
10/9/2021 11:45:22 PM	Gathering ddl triggers
10/9/2021 11:45:22 PM	Creating edge constraints
10/9/2021 11:45:22 PM	Gathering synonyms
10/9/2021 11:45:22 PM	Gathering defaults
10/9/2021 11:45:22 PM	Gathering data constraint uddt bindings
10/9/2021 11:45:22 PM	Gathering rules
10/9/2021 11:45:22 PM	Gathering data constraint uddt bindings
10/9/2021 11:45:22 PM	Gathering message types
10/9/2021 11:45:22 PM	Gathering queues
10/9/2021 11:45:22 PM	Gathering contracts
10/9/2021 11:45:22 PM	Gathering services
10/9/2021 11:45:23 PM	Gathering event notifications
10/9/2021 11:45:23 PM	Gathering remote service bindings
10/9/2021 11:45:23 PM	Gathering broker priorities
10/9/2021 11:45:23 PM	Gathering signatures
10/9/2021 11:45:23 PM	Gathering data compression options
10/9/2021 11:45:23 PM	Gathering sequence types
10/9/2021 11:45:23 PM	Gathering security policies
10/9/2021 11:45:23 PM	Gather column encryption keys
10/9/2021 11:45:23 PM	Gathering column master keys
10/9/2021 11:45:23 PM	Gathering external data sources
10/9/2021 11:45:23 PM	Gathering external file formats
10/9/2021 11:45:23 PM	Gathering external tables
10/9/2021 11:45:23 PM	Gathering extended properties
10/9/2021 11:45:23 PM	Gathering assemblies
10/9/2021 11:45:23 PM	Gathering credentials
10/9/2021 11:45:23 PM	Gathering logins
10/9/2021 11:45:23 PM	Gathering server audits
10/9/2021 11:45:24 PM	Scanning project for duplicate elements
10/9/2021 11:45:24 PM	Finished duplicate element processing
10/9/2021 11:45:25 PM	Finished importing database.
10/9/2021 11:45:25 PM	A summary of the import was saved to the following location: C:\test\database\Database1\Database1\Import Schema Logs\Database1_20211009034453.log
10/9/2021 11:45:25 PM	Click Finish to continue...
